Flutter crash report; please file at https://github.com/flutter/flutter/issues.

## command

flutter --no-color run --machine --device-id=ZY22392C3M lib/main.dart

## exception

String: Exit code 1 from: /usr/bin/xcodebuild -project /Users/nehadhanwani/Desktop/Personal/KnowYourRights/Source/App/know_your_rights/ios/Runner.xcodeproj -target Runner -showBuildSettings

```
#0      _runWithLoggingSync (package:flutter_tools/src/base/process.dart:341)
#1      runCheckedSync (package:flutter_tools/src/base/process.dart:273)
#2      XcodeProjectInterpreter.getBuildSettings (package:flutter_tools/src/ios/xcodeproj.dart:99)
#3      CocoaPods.setupPodfile (package:flutter_tools/src/ios/cocoapods.dart:114)
#4      injectPlugins (package:flutter_tools/src/plugins.dart:246)
#5      FlutterProject.ensureReadyForPlatformSpecificTooling (package:flutter_tools/src/project.dart:62)
#6      FlutterCommand.verifyThenRunCommand (package:flutter_tools/src/runner/flutter_command.dart:278)
<asynchronous suspension>
#7      FlutterCommand.run (package:flutter_tools/src/runner/flutter_command.dart:228)
<asynchronous suspension>
#8      CommandRunner.runCommand (package:args/command_runner.dart:194)
<asynchronous suspension>
#9      FlutterCommandRunner.runCommand (package:flutter_tools/src/runner/flutter_command_runner.dart:286)
<asynchronous suspension>
#10     CommandRunner.run.<anonymous closure> (package:args/command_runner.dart:109)
#11     new Future.sync (dart:async/future.dart:222)
#12     CommandRunner.run (package:args/command_runner.dart:109)
#13     FlutterCommandRunner.run (package:flutter_tools/src/runner/flutter_command_runner.dart:166)
#14     run.<anonymous closure> (package:flutter_tools/runner.dart:90)
<asynchronous suspension>
#15     AppContext._run (package:flutter_tools/src/base/context.dart:76)
<asynchronous suspension>
#16     AppContext.runInZone.<anonymous closure> (package:flutter_tools/src/base/context.dart:66)
#17     _rootRun (dart:async/zone.dart:1126)
#18     _CustomZone.run (dart:async/zone.dart:1023)
#19     runZoned (dart:async/zone.dart:1501)
#20     AppContext.runInZone (package:flutter_tools/src/base/context.dart:65)
#21     run (package:flutter_tools/runner.dart:61)
<asynchronous suspension>
#22     main (package:flutter_tools/executable.dart:48)
<asynchronous suspension>
#23     main (file:///Users/nehadhanwani/Desktop/misc-tools/flutter/packages/flutter_tools/bin/flutter_tools.dart:16)
#24     _startIsolate.<anonymous closure> (dart:isolate-patch/dart:isolate/isolate_patch.dart:277)
#25     _RawReceivePortImpl._handleMessage (dart:isolate-patch/dart:isolate/isolate_patch.dart:165)
```

## flutter doctor

```
[✓] Flutter (Channel dev, v0.1.6, on Mac OS X 10.12.6 16G1212, locale en-IN)
    • Flutter version 0.1.6 at /Users/nehadhanwani/Desktop/misc-tools/flutter
    • Framework revision 1f3eb5034f (4 days ago), 2018-02-23 18:35:40 -0800
    • Engine revision ead227f118
    • Dart version 2.0.0-dev.28.0.flutter-0b4f01f759

[✓] Android toolchain - develop for Android devices (Android SDK 27.0.3)
    • Android SDK at /Users/nehadhanwani/Library/Android/sdk
    • Android NDK at /Users/nehadhanwani/Library/Android/sdk/ndk-bundle
    • Platform android-27, build-tools 27.0.3
    • ANDROID_HOME = /Users/nehadhanwani/Library/Android/sdk
    • Java binary at: /Applications/Android Studio.app/Contents/jre/jdk/Contents/Home/bin/java
    • Java version OpenJDK Runtime Environment (build 1.8.0_152-release-915-b08)

[!] iOS toolchain - develop for iOS devices
    ✗ Xcode installation is incomplete; a full installation is necessary for iOS development.
      Download at: https://developer.apple.com/xcode/download/
      Or install Xcode via the App Store.
      Once installed, run:
        sudo xcode-select --switch /Applications/Xcode.app/Contents/Developer
    ✗ libimobiledevice and ideviceinstaller are not installed. To install, run:
        brew install --HEAD libimobiledevice
        brew install ideviceinstaller
    ✗ ios-deploy not installed. To install:
        brew install ios-deploy
    ✗ CocoaPods not installed.
        CocoaPods is used to retrieve the iOS platform side's plugin code that responds to your plugin usage on the Dart side.
        Without resolving iOS dependencies with CocoaPods, plugins will not work on iOS.
        For more info, see https://flutter.io/platform-plugins
      To install:
        brew install cocoapods
        pod setup

[✓] Android Studio (version 3.0)
    • Android Studio at /Applications/Android Studio.app/Contents
    • Java version OpenJDK Runtime Environment (build 1.8.0_152-release-915-b08)

[✓] Connected devices (1 available)
    • Moto G 4 • ZY22392C3M • android-arm • Android 7.0 (API 24)

! Doctor found issues in 1 category.
```
